16:06:09.571 [restartedMain] INFO  com.bj.WebApplication - Starting WebApplication on DESKTOP-CSLP6T7 with PID 14620 (F:\code\gy_web_git\gy_vps_web\target\classes started by DELL in F:\code\gy_web_git\gy_vps_web) 
16:06:09.578 [restartedMain] INFO  com.bj.WebApplication - The following profiles are active: dev 
16:06:09.647 [restartedMain] INFO  o.s.b.c.e.AnnotationConfigEmbeddedWebApplicationContext - Refreshing org.springframework.boot.context.embedded.AnnotationConfigEmbeddedWebApplicationContext@4ae1aa23: startup date [Sat Feb 24 16:06:09 CST 2018]; root of context hierarchy 
16:06:10.553 [background-preinit] INFO  o.h.validator.internal.util.Version - HV000001: Hibernate Validator 5.3.5.Final 
16:06:12.548 [restartedMain] INFO  o.s.b.c.e.t.TomcatEmbeddedServletContainer - Tomcat initialized with port(s): 8080 (http) 
16:06:12.562 [restartedMain] INFO  o.a.catalina.core.StandardService - Starting service Tomcat 
16:06:12.563 [restartedMain] INFO  o.a.catalina.core.StandardEngine - Starting Servlet Engine: Apache Tomcat/8.5.14 
16:06:12.656 [localhost-startStop-1] INFO  o.a.c.c.C.[Tomcat].[localhost].[/] - Initializing Spring embedded WebApplicationContext 
16:06:12.658 [localhost-startStop-1] INFO  o.s.web.context.ContextLoader - Root WebApplicationContext: initialization completed in 3011 ms 
16:06:12.925 [localhost-startStop-1] INFO  o.s.b.w.s.ServletRegistrationBean - Mapping servlet: 'dispatcherServlet' to [/] 
16:06:12.929 [localhost-startStop-1] INFO  o.s.b.w.s.FilterRegistrationBean - Mapping filter: 'metricsFilter' to: [/*] 
16:06:12.930 [localhost-startStop-1] INFO  o.s.b.w.s.FilterRegistrationBean - Mapping filter: 'characterEncodingFilter' to: [/*] 
16:06:12.930 [localhost-startStop-1] INFO  o.s.b.w.s.FilterRegistrationBean - Mapping filter: 'hiddenHttpMethodFilter' to: [/*] 
16:06:12.930 [localhost-startStop-1] INFO  o.s.b.w.s.FilterRegistrationBean - Mapping filter: 'httpPutFormContentFilter' to: [/*] 
16:06:12.930 [localhost-startStop-1] INFO  o.s.b.w.s.FilterRegistrationBean - Mapping filter: 'requestContextFilter' to: [/*] 
16:06:12.930 [localhost-startStop-1] INFO  o.s.b.w.s.FilterRegistrationBean - Mapping filter: 'webRequestLoggingFilter' to: [/*] 
16:06:12.930 [localhost-startStop-1] INFO  o.s.b.w.s.FilterRegistrationBean - Mapping filter: 'applicationContextIdFilter' to: [/*] 
16:06:13.956 [restartedMain] INFO  o.s.w.s.m.m.a.RequestMappingHandlerAdapter - Looking for @ControllerAdvice: org.springframework.boot.context.embedded.AnnotationConfigEmbeddedWebApplicationContext@4ae1aa23: startup date [Sat Feb 24 16:06:09 CST 2018]; root of context hierarchy 
16:06:14.022 [restartedMain] INFO  o.s.w.s.m.m.a.RequestMappingHandlerMapping - Mapped "{[/status/task],methods=[GET]}" onto public java.lang.String com.bj.controller.FileAreaController.getStatus() 
16:06:14.024 [restartedMain] INFO  o.s.w.s.m.m.a.RequestMappingHandlerMapping - Mapped "{[/status/task/{taskId}],methods=[GET]}" onto public java.lang.String com.bj.controller.FileAreaController.getStatus(java.util.UUID,java.util.Map<java.lang.String, java.lang.Object>,javax.servlet.http.HttpServletResponse) 
16:06:14.024 [restartedMain] INFO  o.s.w.s.m.m.a.RequestMappingHandlerMapping - Mapped "{[/file_area/{id}/delete],methods=[POST]}" onto public java.lang.String com.bj.controller.FileAreaController.doDelete(int,org.springframework.web.servlet.mvc.support.RedirectAttributes) throws java.io.IOException 
16:06:14.025 [restartedMain] INFO  o.s.w.s.m.m.a.RequestMappingHandlerMapping - Mapped "{[/file_area/{id}/edit],methods=[GET]}" onto public java.lang.String com.bj.controller.FileAreaController.goEdit(java.util.Map<java.lang.String, java.lang.Object>,int) 
16:06:14.025 [restartedMain] INFO  o.s.w.s.m.m.a.RequestMappingHandlerMapping - Mapped "{[/file_area/list],methods=[GET]}" onto public java.lang.String com.bj.controller.FileAreaController.goList(java.util.Map<java.lang.String, java.lang.Object>,javax.servlet.http.HttpServletRequest,int) 
16:06:14.025 [restartedMain] INFO  o.s.w.s.m.m.a.RequestMappingHandlerMapping - Mapped "{[/file_area/{id}/edit],methods=[POST]}" onto public java.lang.String com.bj.controller.FileAreaController.doEdit(com.bj.pojo.FileArea,org.springframework.validation.Errors,java.util.Map<java.lang.String, java.lang.Object>,org.springframework.web.servlet.mvc.support.RedirectAttributes) throws java.io.IOException 
16:06:14.025 [restartedMain] INFO  o.s.w.s.m.m.a.RequestMappingHandlerMapping - Mapped "{[/file_area/new],methods=[POST]}" onto public java.lang.String com.bj.controller.FileAreaController.doNew(com.bj.pojo.FileArea,org.springframework.validation.Errors,java.util.Map<java.lang.String, java.lang.Object>,org.springframework.web.servlet.mvc.support.RedirectAttributes) throws java.io.IOException 
16:06:14.026 [restartedMain] INFO  o.s.w.s.m.m.a.RequestMappingHandlerMapping - Mapped "{[/file_area/new],methods=[GET]}" onto public java.lang.String com.bj.controller.FileAreaController.goNew(java.util.Map<java.lang.String, java.lang.Object>) 
16:06:14.026 [restartedMain] INFO  o.s.w.s.m.m.a.RequestMappingHandlerMapping - Mapped "{[/file_area/upload_and_send],methods=[POST]}" onto public java.lang.String com.bj.controller.FileAreaController.doUploadAndSend(javax.servlet.http.HttpServletRequest,java.lang.String,int,org.springframework.web.multipart.MultipartFile,java.util.Map<java.lang.String, java.lang.Object>,org.springframework.web.servlet.mvc.support.RedirectAttributes) throws java.io.IOException 
16:06:14.028 [restartedMain] INFO  o.s.w.s.m.m.a.RequestMappingHandlerMapping - Mapped "{[/realtime_area/{id}/delete],methods=[POST]}" onto public java.lang.String com.bj.controller.RealtimeAreaController.doDelete(int,org.springframework.web.servlet.mvc.support.RedirectAttributes) throws java.io.IOException 
16:06:14.029 [restartedMain] INFO  o.s.w.s.m.m.a.RequestMappingHandlerMapping - Mapped "{[/realtime_area/{id}/edit],methods=[GET]}" onto public java.lang.String com.bj.controller.RealtimeAreaController.goEdit(java.util.Map<java.lang.String, java.lang.Object>,int) 
16:06:14.029 [restartedMain] INFO  o.s.w.s.m.m.a.RequestMappingHandlerMapping - Mapped "{[/realtime_area/list],methods=[GET]}" onto public java.lang.String com.bj.controller.RealtimeAreaController.goList(java.util.Map<java.lang.String, java.lang.Object>,javax.servlet.http.HttpServletRequest,int) 
16:06:14.029 [restartedMain] INFO  o.s.w.s.m.m.a.RequestMappingHandlerMapping - Mapped "{[/realtime_area/{id}/edit],methods=[POST]}" onto public java.lang.String com.bj.controller.RealtimeAreaController.doEdit(com.bj.pojo.RealtimeArea,org.springframework.validation.Errors,java.util.Map<java.lang.String, java.lang.Object>,org.springframework.web.servlet.mvc.support.RedirectAttributes) throws java.io.IOException 
16:06:14.029 [restartedMain] INFO  o.s.w.s.m.m.a.RequestMappingHandlerMapping - Mapped "{[/realtime_area/new],methods=[POST]}" onto public java.lang.String com.bj.controller.RealtimeAreaController.doNew(com.bj.pojo.RealtimeArea,org.springframework.validation.Errors,java.util.Map<java.lang.String, java.lang.Object>,org.springframework.web.servlet.mvc.support.RedirectAttributes) throws java.io.IOException 
16:06:14.030 [restartedMain] INFO  o.s.w.s.m.m.a.RequestMappingHandlerMapping - Mapped "{[/realtime_area/new],methods=[GET]}" onto public java.lang.String com.bj.controller.RealtimeAreaController.goNew(java.util.Map<java.lang.String, java.lang.Object>) 
16:06:14.030 [restartedMain] INFO  o.s.w.s.m.m.a.RequestMappingHandlerMapping - Mapped "{[/realtime_area/upload],methods=[POST]}" onto public java.lang.String com.bj.controller.RealtimeAreaController.doUploadAndSend(javax.servlet.http.HttpServletRequest,org.springframework.web.multipart.MultipartFile,java.util.Map<java.lang.String, java.lang.Object>,org.springframework.web.servlet.mvc.support.RedirectAttributes) throws java.io.IOException 
16:06:14.031 [restartedMain] INFO  o.s.w.s.m.m.a.RequestMappingHandlerMapping - Mapped "{[/],methods=[GET]}" onto public java.lang.String com.bj.controller.SubSystemController.index(java.util.Map<java.lang.String, java.lang.Object>) 
16:06:14.031 [restartedMain] INFO  o.s.w.s.m.m.a.RequestMappingHandlerMapping - Mapped "{[/sub_system/{id}/delete],methods=[POST]}" onto public java.lang.String com.bj.controller.SubSystemController.doDelete(int,org.springframework.web.servlet.mvc.support.RedirectAttributes) throws java.io.IOException 
16:06:14.031 [restartedMain] INFO  o.s.w.s.m.m.a.RequestMappingHandlerMapping - Mapped "{[/sub_system/{id}/edit],methods=[GET]}" onto public java.lang.String com.bj.controller.SubSystemController.goEdit(java.util.Map<java.lang.String, java.lang.Object>,int) 
16:06:14.032 [restartedMain] INFO  o.s.w.s.m.m.a.RequestMappingHandlerMapping - Mapped "{[/sub_system/list],methods=[GET]}" onto public java.lang.String com.bj.controller.SubSystemController.goList(java.util.Map<java.lang.String, java.lang.Object>,javax.servlet.http.HttpServletRequest,int) 
16:06:14.032 [restartedMain] INFO  o.s.w.s.m.m.a.RequestMappingHandlerMapping - Mapped "{[/sub_system/{id}/edit],methods=[POST]}" onto public java.lang.String com.bj.controller.SubSystemController.doEdit(com.bj.pojo.SubSystemInfo,org.springframework.validation.Errors,java.util.Map<java.lang.String, java.lang.Object>,org.springframework.web.servlet.mvc.support.RedirectAttributes) throws java.io.IOException 
16:06:14.032 [restartedMain] INFO  o.s.w.s.m.m.a.RequestMappingHandlerMapping - Mapped "{[/sub_system/new],methods=[POST]}" onto public java.lang.String com.bj.controller.SubSystemController.doNew(com.bj.pojo.SubSystemInfo,org.springframework.validation.Errors,java.util.Map<java.lang.String, java.lang.Object>,org.springframework.web.servlet.mvc.support.RedirectAttributes) throws java.io.IOException 
16:06:14.032 [restartedMain] INFO  o.s.w.s.m.m.a.RequestMappingHandlerMapping - Mapped "{[/sub_system/new],methods=[GET]}" onto public java.lang.String com.bj.controller.SubSystemController.goNew(java.util.Map<java.lang.String, java.lang.Object>) 
16:06:14.033 [restartedMain] INFO  o.s.w.s.m.m.a.RequestMappingHandlerMapping - Mapped "{[/error]}" onto public org.springframework.http.ResponseEntity<java.util.Map<java.lang.String, java.lang.Object>> org.springframework.boot.autoconfigure.web.BasicErrorController.error(javax.servlet.http.HttpServletRequest) 
16:06:14.034 [restartedMain] INFO  o.s.w.s.m.m.a.RequestMappingHandlerMapping - Mapped "{[/error],produces=[text/html]}" onto public org.springframework.web.servlet.ModelAndView org.springframework.boot.autoconfigure.web.BasicErrorController.errorHtml(javax.servlet.http.HttpServletRequest,javax.servlet.http.HttpServletResponse) 
16:06:14.068 [restartedMain] INFO  o.s.w.s.h.SimpleUrlHandlerMapping - Mapped URL path [/webjars/**] onto handler of type [class org.springframework.web.servlet.resource.ResourceHttpRequestHandler] 
16:06:14.068 [restartedMain] INFO  o.s.w.s.h.SimpleUrlHandlerMapping - Mapped URL path [/**] onto handler of type [class org.springframework.web.servlet.resource.ResourceHttpRequestHandler] 
16:06:14.138 [restartedMain] INFO  o.s.w.s.h.SimpleUrlHandlerMapping - Mapped URL path [/**/favicon.ico] onto handler of type [class org.springframework.web.servlet.resource.ResourceHttpRequestHandler] 
16:06:14.589 [restartedMain] INFO  o.s.b.a.e.m.EndpointHandlerMapping - Mapped "{[/auditevents || /auditevents.json],methods=[GET],produces=[application/vnd.spring-boot.actuator.v1+json || application/json]}" onto public org.springframework.http.ResponseEntity<?> org.springframework.boot.actuate.endpoint.mvc.AuditEventsMvcEndpoint.findByPrincipalAndAfterAndType(java.lang.String,java.util.Date,java.lang.String) 
16:06:14.590 [restartedMain] INFO  o.s.b.a.e.m.EndpointHandlerMapping - Mapped "{[/info || /info.json],methods=[GET],produces=[application/vnd.spring-boot.actuator.v1+json || application/json]}" onto public java.lang.Object org.springframework.boot.actuate.endpoint.mvc.EndpointMvcAdapter.invoke() 
16:06:14.591 [restartedMain] INFO  o.s.b.a.e.m.EndpointHandlerMapping - Mapped "{[/mappings || /mappings.json],methods=[GET],produces=[application/vnd.spring-boot.actuator.v1+json || application/json]}" onto public java.lang.Object org.springframework.boot.actuate.endpoint.mvc.EndpointMvcAdapter.invoke() 
16:06:14.591 [restartedMain] INFO  o.s.b.a.e.m.EndpointHandlerMapping - Mapped "{[/dump || /dump.json],methods=[GET],produces=[application/vnd.spring-boot.actuator.v1+json || application/json]}" onto public java.lang.Object org.springframework.boot.actuate.endpoint.mvc.EndpointMvcAdapter.invoke() 
16:06:14.592 [restartedMain] INFO  o.s.b.a.e.m.EndpointHandlerMapping - Mapped "{[/heapdump || /heapdump.json],methods=[GET],produces=[application/octet-stream]}" onto public void org.springframework.boot.actuate.endpoint.mvc.HeapdumpMvcEndpoint.invoke(boolean,javax.servlet.http.HttpServletRequest,javax.servlet.http.HttpServletResponse) throws java.io.IOException,javax.servlet.ServletException 
16:06:14.592 [restartedMain] INFO  o.s.b.a.e.m.EndpointHandlerMapping - Mapped "{[/configprops || /configprops.json],methods=[GET],produces=[application/vnd.spring-boot.actuator.v1+json || application/json]}" onto public java.lang.Object org.springframework.boot.actuate.endpoint.mvc.EndpointMvcAdapter.invoke() 
16:06:14.593 [restartedMain] INFO  o.s.b.a.e.m.EndpointHandlerMapping - Mapped "{[/health || /health.json],methods=[GET],produces=[application/vnd.spring-boot.actuator.v1+json || application/json]}" onto public java.lang.Object org.springframework.boot.actuate.endpoint.mvc.HealthMvcEndpoint.invoke(javax.servlet.http.HttpServletRequest,java.security.Principal) 
16:06:14.593 [restartedMain] INFO  o.s.b.a.e.m.EndpointHandlerMapping - Mapped "{[/autoconfig || /autoconfig.json],methods=[GET],produces=[application/vnd.spring-boot.actuator.v1+json || application/json]}" onto public java.lang.Object org.springframework.boot.actuate.endpoint.mvc.EndpointMvcAdapter.invoke() 
16:06:14.594 [restartedMain] INFO  o.s.b.a.e.m.EndpointHandlerMapping - Mapped "{[/env/{name:.*}],methods=[GET],produces=[application/vnd.spring-boot.actuator.v1+json || application/json]}" onto public java.lang.Object org.springframework.boot.actuate.endpoint.mvc.EnvironmentMvcEndpoint.value(java.lang.String) 
16:06:14.594 [restartedMain] INFO  o.s.b.a.e.m.EndpointHandlerMapping - Mapped "{[/env || /env.json],methods=[GET],produces=[application/vnd.spring-boot.actuator.v1+json || application/json]}" onto public java.lang.Object org.springframework.boot.actuate.endpoint.mvc.EndpointMvcAdapter.invoke() 
16:06:14.594 [restartedMain] INFO  o.s.b.a.e.m.EndpointHandlerMapping - Mapped "{[/metrics/{name:.*}],methods=[GET],produces=[application/vnd.spring-boot.actuator.v1+json || application/json]}" onto public java.lang.Object org.springframework.boot.actuate.endpoint.mvc.MetricsMvcEndpoint.value(java.lang.String) 
16:06:14.595 [restartedMain] INFO  o.s.b.a.e.m.EndpointHandlerMapping - Mapped "{[/metrics || /metrics.json],methods=[GET],produces=[application/vnd.spring-boot.actuator.v1+json || application/json]}" onto public java.lang.Object org.springframework.boot.actuate.endpoint.mvc.EndpointMvcAdapter.invoke() 
16:06:14.595 [restartedMain] INFO  o.s.b.a.e.m.EndpointHandlerMapping - Mapped "{[/beans || /beans.json],methods=[GET],produces=[application/vnd.spring-boot.actuator.v1+json || application/json]}" onto public java.lang.Object org.springframework.boot.actuate.endpoint.mvc.EndpointMvcAdapter.invoke() 
16:06:14.595 [restartedMain] INFO  o.s.b.a.e.m.EndpointHandlerMapping - Mapped "{[/trace || /trace.json],methods=[GET],produces=[application/vnd.spring-boot.actuator.v1+json || application/json]}" onto public java.lang.Object org.springframework.boot.actuate.endpoint.mvc.EndpointMvcAdapter.invoke() 
16:06:14.598 [restartedMain] INFO  o.s.b.a.e.m.EndpointHandlerMapping - Mapped "{[/loggers/{name:.*}],methods=[GET],produces=[application/vnd.spring-boot.actuator.v1+json || application/json]}" onto public java.lang.Object org.springframework.boot.actuate.endpoint.mvc.LoggersMvcEndpoint.get(java.lang.String) 
16:06:14.598 [restartedMain] INFO  o.s.b.a.e.m.EndpointHandlerMapping - Mapped "{[/loggers/{name:.*}],methods=[POST],consumes=[application/vnd.spring-boot.actuator.v1+json || application/json],produces=[application/vnd.spring-boot.actuator.v1+json || application/json]}" onto public java.lang.Object org.springframework.boot.actuate.endpoint.mvc.LoggersMvcEndpoint.set(java.lang.String,java.util.Map<java.lang.String, java.lang.String>) 
16:06:14.598 [restartedMain] INFO  o.s.b.a.e.m.EndpointHandlerMapping - Mapped "{[/loggers || /loggers.json],methods=[GET],produces=[application/vnd.spring-boot.actuator.v1+json || application/json]}" onto public java.lang.Object org.springframework.boot.actuate.endpoint.mvc.EndpointMvcAdapter.invoke() 
16:06:14.844 [restartedMain] INFO  o.s.b.d.a.OptionalLiveReloadServer - LiveReload server is running on port 35729 
16:06:14.885 [restartedMain] INFO  o.s.j.e.a.AnnotationMBeanExporter - Registering beans for JMX exposure on startup 
16:06:14.888 [restartedMain] INFO  o.s.b.a.e.jmx.EndpointMBeanExporter - Registering beans for JMX exposure on startup 
16:06:14.892 [restartedMain] INFO  o.s.c.s.DefaultLifecycleProcessor - Starting beans in phase 0 
16:06:14.894 [restartedMain] INFO  o.s.b.a.e.jmx.EndpointMBeanExporter - Located managed bean 'auditEventsEndpoint': registering with JMX server as MBean [org.springframework.boot:type=Endpoint,name=auditEventsEndpoint] 
16:06:14.905 [restartedMain] INFO  o.s.b.a.e.jmx.EndpointMBeanExporter - Located managed bean 'requestMappingEndpoint': registering with JMX server as MBean [org.springframework.boot:type=Endpoint,name=requestMappingEndpoint] 
16:06:14.913 [restartedMain] INFO  o.s.b.a.e.jmx.EndpointMBeanExporter - Located managed bean 'environmentEndpoint': registering with JMX server as MBean [org.springframework.boot:type=Endpoint,name=environmentEndpoint] 
16:06:14.916 [restartedMain] INFO  o.s.b.a.e.jmx.EndpointMBeanExporter - Located managed bean 'healthEndpoint': registering with JMX server as MBean [org.springframework.boot:type=Endpoint,name=healthEndpoint] 
16:06:14.917 [restartedMain] INFO  o.s.b.a.e.jmx.EndpointMBeanExporter - Located managed bean 'beansEndpoint': registering with JMX server as MBean [org.springframework.boot:type=Endpoint,name=beansEndpoint] 
16:06:14.920 [restartedMain] INFO  o.s.b.a.e.jmx.EndpointMBeanExporter - Located managed bean 'infoEndpoint': registering with JMX server as MBean [org.springframework.boot:type=Endpoint,name=infoEndpoint] 
16:06:14.921 [restartedMain] INFO  o.s.b.a.e.jmx.EndpointMBeanExporter - Located managed bean 'loggersEndpoint': registering with JMX server as MBean [org.springframework.boot:type=Endpoint,name=loggersEndpoint] 
16:06:14.925 [restartedMain] INFO  o.s.b.a.e.jmx.EndpointMBeanExporter - Located managed bean 'metricsEndpoint': registering with JMX server as MBean [org.springframework.boot:type=Endpoint,name=metricsEndpoint] 
16:06:14.927 [restartedMain] INFO  o.s.b.a.e.jmx.EndpointMBeanExporter - Located managed bean 'traceEndpoint': registering with JMX server as MBean [org.springframework.boot:type=Endpoint,name=traceEndpoint] 
16:06:14.930 [restartedMain] INFO  o.s.b.a.e.jmx.EndpointMBeanExporter - Located managed bean 'dumpEndpoint': registering with JMX server as MBean [org.springframework.boot:type=Endpoint,name=dumpEndpoint] 
16:06:14.931 [restartedMain] INFO  o.s.b.a.e.jmx.EndpointMBeanExporter - Located managed bean 'autoConfigurationReportEndpoint': registering with JMX server as MBean [org.springframework.boot:type=Endpoint,name=autoConfigurationReportEndpoint] 
16:06:14.933 [restartedMain] INFO  o.s.b.a.e.jmx.EndpointMBeanExporter - Located managed bean 'configurationPropertiesReportEndpoint': registering with JMX server as MBean [org.springframework.boot:type=Endpoint,name=configurationPropertiesReportEndpoint] 
16:06:14.957 [restartedMain] INFO  o.a.coyote.http11.Http11NioProtocol - Initializing ProtocolHandler ["http-nio-8080"] 
16:06:14.995 [restartedMain] INFO  o.a.coyote.http11.Http11NioProtocol - Starting ProtocolHandler ["http-nio-8080"] 
16:06:15.045 [restartedMain] INFO  o.a.tomcat.util.net.NioSelectorPool - Using a shared selector for servlet write/read 
16:06:15.066 [restartedMain] INFO  o.s.b.c.e.t.TomcatEmbeddedServletContainer - Tomcat started on port(s): 8080 (http) 
16:06:15.091 [restartedMain] INFO  com.bj.WebApplication - Started WebApplication in 5.937 seconds (JVM running for 6.994) 
