17:23:40.163 [restartedMain] INFO  com.bj.WebApplication - Starting WebApplication on DESKTOP-CSLP6T7 with PID 204 (F:\code\gy_web_git\gy_vps_web\target\classes started by DELL in F:\code\gy_web_git\gy_vps_web) 
17:23:40.194 [restartedMain] INFO  com.bj.WebApplication - The following profiles are active: dev 
17:23:40.284 [restartedMain] INFO  o.s.b.c.e.AnnotationConfigEmbeddedWebApplicationContext - Refreshing org.springframework.boot.context.embedded.AnnotationConfigEmbeddedWebApplicationContext@682fd5e: startup date [Thu Mar 15 17:23:40 CST 2018]; root of context hierarchy 
17:23:41.707 [background-preinit] INFO  o.h.validator.internal.util.Version - HV000001: Hibernate Validator 5.3.5.Final 
17:23:45.150 [restartedMain] INFO  o.s.b.c.e.t.TomcatEmbeddedServletContainer - Tomcat initialized with port(s): 8080 (http) 
17:23:45.165 [restartedMain] INFO  o.a.catalina.core.StandardService - Starting service Tomcat 
17:23:45.166 [restartedMain] INFO  o.a.catalina.core.StandardEngine - Starting Servlet Engine: Apache Tomcat/8.5.14 
17:23:45.630 [localhost-startStop-1] INFO  o.a.c.c.C.[Tomcat].[localhost].[/] - Initializing Spring embedded WebApplicationContext 
17:23:45.631 [localhost-startStop-1] INFO  o.s.web.context.ContextLoader - Root WebApplicationContext: initialization completed in 5347 ms 
17:23:46.538 [localhost-startStop-1] INFO  o.s.b.w.s.ServletRegistrationBean - Mapping servlet: 'dispatcherServlet' to [/] 
17:23:46.551 [localhost-startStop-1] INFO  o.s.b.w.s.FilterRegistrationBean - Mapping filter: 'metricsFilter' to: [/*] 
17:23:46.554 [localhost-startStop-1] INFO  o.s.b.w.s.FilterRegistrationBean - Mapping filter: 'characterEncodingFilter' to: [/*] 
17:23:46.554 [localhost-startStop-1] INFO  o.s.b.w.s.FilterRegistrationBean - Mapping filter: 'hiddenHttpMethodFilter' to: [/*] 
17:23:46.554 [localhost-startStop-1] INFO  o.s.b.w.s.FilterRegistrationBean - Mapping filter: 'httpPutFormContentFilter' to: [/*] 
17:23:46.554 [localhost-startStop-1] INFO  o.s.b.w.s.FilterRegistrationBean - Mapping filter: 'requestContextFilter' to: [/*] 
17:23:46.554 [localhost-startStop-1] INFO  o.s.b.w.s.FilterRegistrationBean - Mapping filter: 'webRequestLoggingFilter' to: [/*] 
17:23:46.555 [localhost-startStop-1] INFO  o.s.b.w.s.FilterRegistrationBean - Mapping filter: 'applicationContextIdFilter' to: [/*] 
17:23:50.785 [restartedMain] INFO  o.s.w.s.m.m.a.RequestMappingHandlerAdapter - Looking for @ControllerAdvice: org.springframework.boot.context.embedded.AnnotationConfigEmbeddedWebApplicationContext@682fd5e: startup date [Thu Mar 15 17:23:40 CST 2018]; root of context hierarchy 
17:23:50.943 [restartedMain] INFO  o.s.w.s.m.m.a.RequestMappingHandlerMapping - Mapped "{[/status/task],methods=[GET]}" onto public java.lang.String com.bj.controller.FileAreaController.getStatus() 
17:23:50.943 [restartedMain] INFO  o.s.w.s.m.m.a.RequestMappingHandlerMapping - Mapped "{[/status/task/{taskId}],methods=[GET]}" onto public java.lang.String com.bj.controller.FileAreaController.getStatus(java.util.UUID,java.util.Map<java.lang.String, java.lang.Object>,javax.servlet.http.HttpServletResponse) 
17:23:50.944 [restartedMain] INFO  o.s.w.s.m.m.a.RequestMappingHandlerMapping - Mapped "{[/file_area/{id}/delete],methods=[POST]}" onto public java.lang.String com.bj.controller.FileAreaController.doDelete(int,org.springframework.web.servlet.mvc.support.RedirectAttributes) throws java.io.IOException 
17:23:50.944 [restartedMain] INFO  o.s.w.s.m.m.a.RequestMappingHandlerMapping - Mapped "{[/file_area/new],methods=[GET]}" onto public java.lang.String com.bj.controller.FileAreaController.goNew(java.util.Map<java.lang.String, java.lang.Object>) 
17:23:50.944 [restartedMain] INFO  o.s.w.s.m.m.a.RequestMappingHandlerMapping - Mapped "{[/file_area/new],methods=[POST]}" onto public java.lang.String com.bj.controller.FileAreaController.doNew(com.bj.pojo.FileArea,org.springframework.validation.Errors,java.util.Map<java.lang.String, java.lang.Object>,org.springframework.web.servlet.mvc.support.RedirectAttributes) throws java.io.IOException 
17:23:50.944 [restartedMain] INFO  o.s.w.s.m.m.a.RequestMappingHandlerMapping - Mapped "{[/file_area/upload_and_send],methods=[POST]}" onto public java.lang.String com.bj.controller.FileAreaController.doUploadAndSend(javax.servlet.http.HttpServletRequest,java.lang.String,int,org.springframework.web.multipart.MultipartFile,java.util.Map<java.lang.String, java.lang.Object>,org.springframework.web.servlet.mvc.support.RedirectAttributes) throws java.io.IOException 
17:23:50.944 [restartedMain] INFO  o.s.w.s.m.m.a.RequestMappingHandlerMapping - Mapped "{[/file_area/list],methods=[GET]}" onto public java.lang.String com.bj.controller.FileAreaController.goList(java.util.Map<java.lang.String, java.lang.Object>,javax.servlet.http.HttpServletRequest,int) 
17:23:50.944 [restartedMain] INFO  o.s.w.s.m.m.a.RequestMappingHandlerMapping - Mapped "{[/file_area/{id}/edit],methods=[GET]}" onto public java.lang.String com.bj.controller.FileAreaController.goEdit(java.util.Map<java.lang.String, java.lang.Object>,int) 
17:23:50.946 [restartedMain] INFO  o.s.w.s.m.m.a.RequestMappingHandlerMapping - Mapped "{[/file_area/{id}/edit],methods=[POST]}" onto public java.lang.String com.bj.controller.FileAreaController.doEdit(com.bj.pojo.FileArea,org.springframework.validation.Errors,java.util.Map<java.lang.String, java.lang.Object>,org.springframework.web.servlet.mvc.support.RedirectAttributes) throws java.io.IOException 
17:23:50.947 [restartedMain] INFO  o.s.w.s.m.m.a.RequestMappingHandlerMapping - Mapped "{[/realtime_area/{id}/delete],methods=[POST]}" onto public java.lang.String com.bj.controller.RealtimeAreaController.doDelete(int,org.springframework.web.servlet.mvc.support.RedirectAttributes) throws java.io.IOException 
17:23:50.948 [restartedMain] INFO  o.s.w.s.m.m.a.RequestMappingHandlerMapping - Mapped "{[/realtime_area/new],methods=[GET]}" onto public java.lang.String com.bj.controller.RealtimeAreaController.goNew(java.util.Map<java.lang.String, java.lang.Object>) 
17:23:50.948 [restartedMain] INFO  o.s.w.s.m.m.a.RequestMappingHandlerMapping - Mapped "{[/realtime_area/new],methods=[POST]}" onto public java.lang.String com.bj.controller.RealtimeAreaController.doNew(com.bj.pojo.RealtimeArea,org.springframework.validation.Errors,java.util.Map<java.lang.String, java.lang.Object>,org.springframework.web.servlet.mvc.support.RedirectAttributes) throws java.io.IOException 
17:23:50.948 [restartedMain] INFO  o.s.w.s.m.m.a.RequestMappingHandlerMapping - Mapped "{[/realtime_area/upload],methods=[POST]}" onto public java.lang.String com.bj.controller.RealtimeAreaController.doUploadAndSend(javax.servlet.http.HttpServletRequest,org.springframework.web.multipart.MultipartFile,java.util.Map<java.lang.String, java.lang.Object>,org.springframework.web.servlet.mvc.support.RedirectAttributes) throws java.io.IOException 
17:23:52.124 [restartedMain] INFO  o.s.w.s.m.m.a.RequestMappingHandlerMapping - Mapped "{[/realtime_area/list],methods=[GET]}" onto public java.lang.String com.bj.controller.RealtimeAreaController.goList(java.util.Map<java.lang.String, java.lang.Object>,javax.servlet.http.HttpServletRequest,int) 
17:23:52.124 [restartedMain] INFO  o.s.w.s.m.m.a.RequestMappingHandlerMapping - Mapped "{[/realtime_area/{id}/edit],methods=[GET]}" onto public java.lang.String com.bj.controller.RealtimeAreaController.goEdit(java.util.Map<java.lang.String, java.lang.Object>,int) 
17:23:52.125 [restartedMain] INFO  o.s.w.s.m.m.a.RequestMappingHandlerMapping - Mapped "{[/realtime_area/{id}/edit],methods=[POST]}" onto public java.lang.String com.bj.controller.RealtimeAreaController.doEdit(com.bj.pojo.RealtimeArea,org.springframework.validation.Errors,java.util.Map<java.lang.String, java.lang.Object>,org.springframework.web.servlet.mvc.support.RedirectAttributes) throws java.io.IOException 
17:23:52.126 [restartedMain] INFO  o.s.w.s.m.m.a.RequestMappingHandlerMapping - Mapped "{[/],methods=[GET]}" onto public java.lang.String com.bj.controller.SubSystemController.index(java.util.Map<java.lang.String, java.lang.Object>) 
17:23:52.126 [restartedMain] INFO  o.s.w.s.m.m.a.RequestMappingHandlerMapping - Mapped "{[/sub_system/{id}/delete],methods=[POST]}" onto public java.lang.String com.bj.controller.SubSystemController.doDelete(int,org.springframework.web.servlet.mvc.support.RedirectAttributes) throws java.io.IOException 
17:23:52.126 [restartedMain] INFO  o.s.w.s.m.m.a.RequestMappingHandlerMapping - Mapped "{[/sub_system/new],methods=[GET]}" onto public java.lang.String com.bj.controller.SubSystemController.goNew(java.util.Map<java.lang.String, java.lang.Object>) 
17:23:52.126 [restartedMain] INFO  o.s.w.s.m.m.a.RequestMappingHandlerMapping - Mapped "{[/sub_system/new],methods=[POST]}" onto public java.lang.String com.bj.controller.SubSystemController.doNew(com.bj.pojo.SubSystemInfo,org.springframework.validation.Errors,java.util.Map<java.lang.String, java.lang.Object>,org.springframework.web.servlet.mvc.support.RedirectAttributes) throws java.io.IOException 
17:23:52.127 [restartedMain] INFO  o.s.w.s.m.m.a.RequestMappingHandlerMapping - Mapped "{[/sub_system/list],methods=[GET]}" onto public java.lang.String com.bj.controller.SubSystemController.goList(java.util.Map<java.lang.String, java.lang.Object>,javax.servlet.http.HttpServletRequest,int) 
17:23:52.127 [restartedMain] INFO  o.s.w.s.m.m.a.RequestMappingHandlerMapping - Mapped "{[/sub_system/{id}/edit],methods=[GET]}" onto public java.lang.String com.bj.controller.SubSystemController.goEdit(java.util.Map<java.lang.String, java.lang.Object>,int) 
17:23:52.127 [restartedMain] INFO  o.s.w.s.m.m.a.RequestMappingHandlerMapping - Mapped "{[/sub_system/{id}/edit],methods=[POST]}" onto public java.lang.String com.bj.controller.SubSystemController.doEdit(com.bj.pojo.SubSystemInfo,org.springframework.validation.Errors,java.util.Map<java.lang.String, java.lang.Object>,org.springframework.web.servlet.mvc.support.RedirectAttributes) throws java.io.IOException 
17:23:52.128 [restartedMain] INFO  o.s.w.s.m.m.a.RequestMappingHandlerMapping - Mapped "{[/error]}" onto public org.springframework.http.ResponseEntity<java.util.Map<java.lang.String, java.lang.Object>> org.springframework.boot.autoconfigure.web.BasicErrorController.error(javax.servlet.http.HttpServletRequest) 
17:23:52.129 [restartedMain] INFO  o.s.w.s.m.m.a.RequestMappingHandlerMapping - Mapped "{[/error],produces=[text/html]}" onto public org.springframework.web.servlet.ModelAndView org.springframework.boot.autoconfigure.web.BasicErrorController.errorHtml(javax.servlet.http.HttpServletRequest,javax.servlet.http.HttpServletResponse) 
17:23:52.170 [restartedMain] INFO  o.s.w.s.h.SimpleUrlHandlerMapping - Mapped URL path [/webjars/**] onto handler of type [class org.springframework.web.servlet.resource.ResourceHttpRequestHandler] 
17:23:52.225 [restartedMain] INFO  o.s.w.s.h.SimpleUrlHandlerMapping - Mapped URL path [/**] onto handler of type [class org.springframework.web.servlet.resource.ResourceHttpRequestHandler] 
17:23:52.279 [restartedMain] INFO  o.s.w.s.h.SimpleUrlHandlerMapping - Mapped URL path [/**/favicon.ico] onto handler of type [class org.springframework.web.servlet.resource.ResourceHttpRequestHandler] 
17:23:55.059 [restartedMain] INFO  o.s.b.a.e.m.EndpointHandlerMapping - Mapped "{[/configprops || /configprops.json],methods=[GET],produces=[application/vnd.spring-boot.actuator.v1+json || application/json]}" onto public java.lang.Object org.springframework.boot.actuate.endpoint.mvc.EndpointMvcAdapter.invoke() 
17:23:55.061 [restartedMain] INFO  o.s.b.a.e.m.EndpointHandlerMapping - Mapped "{[/info || /info.json],methods=[GET],produces=[application/vnd.spring-boot.actuator.v1+json || application/json]}" onto public java.lang.Object org.springframework.boot.actuate.endpoint.mvc.EndpointMvcAdapter.invoke() 
17:23:55.062 [restartedMain] INFO  o.s.b.a.e.m.EndpointHandlerMapping - Mapped "{[/trace || /trace.json],methods=[GET],produces=[application/vnd.spring-boot.actuator.v1+json || application/json]}" onto public java.lang.Object org.springframework.boot.actuate.endpoint.mvc.EndpointMvcAdapter.invoke() 
17:23:55.062 [restartedMain] INFO  o.s.b.a.e.m.EndpointHandlerMapping - Mapped "{[/beans || /beans.json],methods=[GET],produces=[application/vnd.spring-boot.actuator.v1+json || application/json]}" onto public java.lang.Object org.springframework.boot.actuate.endpoint.mvc.EndpointMvcAdapter.invoke() 
17:23:55.063 [restartedMain] INFO  o.s.b.a.e.m.EndpointHandlerMapping - Mapped "{[/health || /health.json],methods=[GET],produces=[application/vnd.spring-boot.actuator.v1+json || application/json]}" onto public java.lang.Object org.springframework.boot.actuate.endpoint.mvc.HealthMvcEndpoint.invoke(javax.servlet.http.HttpServletRequest,java.security.Principal) 
17:23:55.063 [restartedMain] INFO  o.s.b.a.e.m.EndpointHandlerMapping - Mapped "{[/mappings || /mappings.json],methods=[GET],produces=[application/vnd.spring-boot.actuator.v1+json || application/json]}" onto public java.lang.Object org.springframework.boot.actuate.endpoint.mvc.EndpointMvcAdapter.invoke() 
17:23:55.064 [restartedMain] INFO  o.s.b.a.e.m.EndpointHandlerMapping - Mapped "{[/dump || /dump.json],methods=[GET],produces=[application/vnd.spring-boot.actuator.v1+json || application/json]}" onto public java.lang.Object org.springframework.boot.actuate.endpoint.mvc.EndpointMvcAdapter.invoke() 
17:23:55.064 [restartedMain] INFO  o.s.b.a.e.m.EndpointHandlerMapping - Mapped "{[/env/{name:.*}],methods=[GET],produces=[application/vnd.spring-boot.actuator.v1+json || application/json]}" onto public java.lang.Object org.springframework.boot.actuate.endpoint.mvc.EnvironmentMvcEndpoint.value(java.lang.String) 
17:23:55.064 [restartedMain] INFO  o.s.b.a.e.m.EndpointHandlerMapping - Mapped "{[/env || /env.json],methods=[GET],produces=[application/vnd.spring-boot.actuator.v1+json || application/json]}" onto public java.lang.Object org.springframework.boot.actuate.endpoint.mvc.EndpointMvcAdapter.invoke() 
17:23:55.065 [restartedMain] INFO  o.s.b.a.e.m.EndpointHandlerMapping - Mapped "{[/autoconfig || /autoconfig.json],methods=[GET],produces=[application/vnd.spring-boot.actuator.v1+json || application/json]}" onto public java.lang.Object org.springframework.boot.actuate.endpoint.mvc.EndpointMvcAdapter.invoke() 
17:23:55.065 [restartedMain] INFO  o.s.b.a.e.m.EndpointHandlerMapping - Mapped "{[/metrics/{name:.*}],methods=[GET],produces=[application/vnd.spring-boot.actuator.v1+json || application/json]}" onto public java.lang.Object org.springframework.boot.actuate.endpoint.mvc.MetricsMvcEndpoint.value(java.lang.String) 
17:23:55.065 [restartedMain] INFO  o.s.b.a.e.m.EndpointHandlerMapping - Mapped "{[/metrics || /metrics.json],methods=[GET],produces=[application/vnd.spring-boot.actuator.v1+json || application/json]}" onto public java.lang.Object org.springframework.boot.actuate.endpoint.mvc.EndpointMvcAdapter.invoke() 
17:23:55.644 [restartedMain] INFO  o.s.b.a.e.m.EndpointHandlerMapping - Mapped "{[/heapdump || /heapdump.json],methods=[GET],produces=[application/octet-stream]}" onto public void org.springframework.boot.actuate.endpoint.mvc.HeapdumpMvcEndpoint.invoke(boolean,javax.servlet.http.HttpServletRequest,javax.servlet.http.HttpServletResponse) throws java.io.IOException,javax.servlet.ServletException 
17:23:55.645 [restartedMain] INFO  o.s.b.a.e.m.EndpointHandlerMapping - Mapped "{[/auditevents || /auditevents.json],methods=[GET],produces=[application/vnd.spring-boot.actuator.v1+json || application/json]}" onto public org.springframework.http.ResponseEntity<?> org.springframework.boot.actuate.endpoint.mvc.AuditEventsMvcEndpoint.findByPrincipalAndAfterAndType(java.lang.String,java.util.Date,java.lang.String) 
17:23:55.646 [restartedMain] INFO  o.s.b.a.e.m.EndpointHandlerMapping - Mapped "{[/loggers/{name:.*}],methods=[GET],produces=[application/vnd.spring-boot.actuator.v1+json || application/json]}" onto public java.lang.Object org.springframework.boot.actuate.endpoint.mvc.LoggersMvcEndpoint.get(java.lang.String) 
17:23:55.647 [restartedMain] INFO  o.s.b.a.e.m.EndpointHandlerMapping - Mapped "{[/loggers/{name:.*}],methods=[POST],consumes=[application/vnd.spring-boot.actuator.v1+json || application/json],produces=[application/vnd.spring-boot.actuator.v1+json || application/json]}" onto public java.lang.Object org.springframework.boot.actuate.endpoint.mvc.LoggersMvcEndpoint.set(java.lang.String,java.util.Map<java.lang.String, java.lang.String>) 
17:23:55.647 [restartedMain] INFO  o.s.b.a.e.m.EndpointHandlerMapping - Mapped "{[/loggers || /loggers.json],methods=[GET],produces=[application/vnd.spring-boot.actuator.v1+json || application/json]}" onto public java.lang.Object org.springframework.boot.actuate.endpoint.mvc.EndpointMvcAdapter.invoke() 
17:23:56.372 [restartedMain] INFO  o.s.b.d.a.OptionalLiveReloadServer - LiveReload server is running on port 35729 
17:23:56.801 [restartedMain] INFO  o.s.j.e.a.AnnotationMBeanExporter - Registering beans for JMX exposure on startup 
17:23:56.818 [restartedMain] INFO  o.s.b.a.e.jmx.EndpointMBeanExporter - Registering beans for JMX exposure on startup 
17:23:57.459 [restartedMain] INFO  o.s.c.s.DefaultLifecycleProcessor - Starting beans in phase 0 
17:23:57.469 [restartedMain] INFO  o.s.b.a.e.jmx.EndpointMBeanExporter - Located managed bean 'auditEventsEndpoint': registering with JMX server as MBean [org.springframework.boot:type=Endpoint,name=auditEventsEndpoint] 
17:23:57.482 [restartedMain] INFO  o.s.b.a.e.jmx.EndpointMBeanExporter - Located managed bean 'requestMappingEndpoint': registering with JMX server as MBean [org.springframework.boot:type=Endpoint,name=requestMappingEndpoint] 
17:23:57.490 [restartedMain] INFO  o.s.b.a.e.jmx.EndpointMBeanExporter - Located managed bean 'environmentEndpoint': registering with JMX server as MBean [org.springframework.boot:type=Endpoint,name=environmentEndpoint] 
17:23:57.493 [restartedMain] INFO  o.s.b.a.e.jmx.EndpointMBeanExporter - Located managed bean 'healthEndpoint': registering with JMX server as MBean [org.springframework.boot:type=Endpoint,name=healthEndpoint] 
17:23:57.501 [restartedMain] INFO  o.s.b.a.e.jmx.EndpointMBeanExporter - Located managed bean 'beansEndpoint': registering with JMX server as MBean [org.springframework.boot:type=Endpoint,name=beansEndpoint] 
17:23:57.505 [restartedMain] INFO  o.s.b.a.e.jmx.EndpointMBeanExporter - Located managed bean 'infoEndpoint': registering with JMX server as MBean [org.springframework.boot:type=Endpoint,name=infoEndpoint] 
17:23:57.507 [restartedMain] INFO  o.s.b.a.e.jmx.EndpointMBeanExporter - Located managed bean 'loggersEndpoint': registering with JMX server as MBean [org.springframework.boot:type=Endpoint,name=loggersEndpoint] 
17:23:57.640 [restartedMain] INFO  o.s.b.a.e.jmx.EndpointMBeanExporter - Located managed bean 'metricsEndpoint': registering with JMX server as MBean [org.springframework.boot:type=Endpoint,name=metricsEndpoint] 
17:23:57.643 [restartedMain] INFO  o.s.b.a.e.jmx.EndpointMBeanExporter - Located managed bean 'traceEndpoint': registering with JMX server as MBean [org.springframework.boot:type=Endpoint,name=traceEndpoint] 
17:23:57.652 [restartedMain] INFO  o.s.b.a.e.jmx.EndpointMBeanExporter - Located managed bean 'dumpEndpoint': registering with JMX server as MBean [org.springframework.boot:type=Endpoint,name=dumpEndpoint] 
17:23:57.662 [restartedMain] INFO  o.s.b.a.e.jmx.EndpointMBeanExporter - Located managed bean 'autoConfigurationReportEndpoint': registering with JMX server as MBean [org.springframework.boot:type=Endpoint,name=autoConfigurationReportEndpoint] 
17:23:57.671 [restartedMain] INFO  o.s.b.a.e.jmx.EndpointMBeanExporter - Located managed bean 'configurationPropertiesReportEndpoint': registering with JMX server as MBean [org.springframework.boot:type=Endpoint,name=configurationPropertiesReportEndpoint] 
17:23:57.841 [restartedMain] INFO  o.a.coyote.http11.Http11NioProtocol - Initializing ProtocolHandler ["http-nio-8080"] 
17:23:58.526 [restartedMain] INFO  o.a.coyote.http11.Http11NioProtocol - Starting ProtocolHandler ["http-nio-8080"] 
17:23:58.581 [restartedMain] INFO  o.a.tomcat.util.net.NioSelectorPool - Using a shared selector for servlet write/read 
17:23:58.799 [restartedMain] INFO  o.s.b.c.e.t.TomcatEmbeddedServletContainer - Tomcat started on port(s): 8080 (http) 
17:23:58.812 [restartedMain] INFO  com.bj.WebApplication - Started WebApplication in 19.16 seconds (JVM running for 20.142) 
17:23:58.848 [http-nio-8080-exec-9] INFO  o.a.c.c.C.[Tomcat].[localhost].[/] - Initializing Spring FrameworkServlet 'dispatcherServlet' 
17:23:58.848 [http-nio-8080-exec-9] INFO  o.s.web.servlet.DispatcherServlet - FrameworkServlet 'dispatcherServlet': initialization started 
17:23:58.869 [http-nio-8080-exec-9] INFO  o.s.web.servlet.DispatcherServlet - FrameworkServlet 'dispatcherServlet': initialization completed in 21 ms 
17:23:58.956 [http-nio-8080-exec-9] INFO  com.bj.aop.ControllerInterceptor - 调用 com.bj.controller.SubSystemController.index({}) 
17:23:58.983 [http-nio-8080-exec-9] INFO  com.bj.aop.ControllerInterceptor - com.bj.controller.SubSystemController.index 执行结束，耗时: 28 毫秒 
17:23:59.029 [http-nio-8080-exec-7] INFO  com.bj.aop.ControllerInterceptor - 调用 com.bj.controller.SubSystemController.goList({},org.apache.catalina.connector.RequestFacade@39a364b6,1) 
17:23:59.487 [http-nio-8080-exec-7] INFO  com.bj.aop.ControllerInterceptor - com.bj.controller.SubSystemController.goList 执行结束，耗时: 458 毫秒 
